Updating footers... 
Processing file: C:\Users\Aarons\Documents\GitHub\shiny_doodle\about.html 
The system cannot find the file specified.
Processing file: C:\Users\Aarons\Documents\GitHub\shiny_doodle\archives.html 
The system cannot find the file specified.
Processing file: C:\Users\Aarons\Documents\GitHub\shiny_doodle\categories.html 
The system cannot find the file specified.
Processing file: C:\Users\Aarons\Documents\GitHub\shiny_doodle\contact.html 
The system cannot find the file specified.
Processing file: C:\Users\Aarons\Documents\GitHub\shiny_doodle\cookie-consent.html 
The system cannot find the file specified.
Processing file: C:\Users\Aarons\Documents\GitHub\shiny_doodle\exclusive-herbal-remedies-guide.html 
The system cannot find the file specified.
Processing file: C:\Users\Aarons\Documents\GitHub\shiny_doodle\footer.html 
The system cannot find the file specified.
Processing file: C:\Users\Aarons\Documents\GitHub\shiny_doodle\index.html 
The system cannot find the file specified.
Processing file: C:\Users\Aarons\Documents\GitHub\shiny_doodle\privacy-policy.html 
The system cannot find the file specified.
Processing file: C:\Users\Aarons\Documents\GitHub\shiny_doodle\subscribe.html 
The system cannot find the file specified.
Processing file: C:\Users\Aarons\Documents\GitHub\shiny_doodle\terms-of-service.html 
The system cannot find the file specified.
Processing file: C:\Users\Aarons\Documents\GitHub\shiny_doodle\categories\categories.html 
The system cannot find the file specified.
Processing file: C:\Users\Aarons\Documents\GitHub\shiny_doodle\herbal-remedies\blog.html 
The system cannot find the file specified.
Processing file: C:\Users\Aarons\Documents\GitHub\shiny_doodle\herbal-remedies\community-resources\index.html 
The system cannot find the file specified.
Processing file: C:\Users\Aarons\Documents\GitHub\shiny_doodle\herbal-remedies\general-herbal-information\chamomile-natures-calming-tea.html 
The system cannot find the file specified.
Processing file: C:\Users\Aarons\Documents\GitHub\shiny_doodle\herbal-remedies\general-herbal-information\choosing-the-right-herbs.html 
The system cannot find the file specified.
Processing file: C:\Users\Aarons\Documents\GitHub\shiny_doodle\herbal-remedies\general-herbal-information\common-herbal-remedies.html 
The system cannot find the file specified.
Processing file: C:\Users\Aarons\Documents\GitHub\shiny_doodle\herbal-remedies\general-herbal-information\general-herbal-information.html 
The system cannot find the file specified.
Processing file: C:\Users\Aarons\Documents\GitHub\shiny_doodle\herbal-remedies\general-herbal-information\introduction-to-herbal-remedies.html 
The system cannot find the file specified.
Processing file: C:\Users\Aarons\Documents\GitHub\shiny_doodle\herbal-remedies\general-herbal-information\lavender.html 
The system cannot find the file specified.
Processing file: C:\Users\Aarons\Documents\GitHub\shiny_doodle\herbal-remedies\general-herbal-information\peppermint.html 
The system cannot find the file specified.
Processing file: C:\Users\Aarons\Documents\GitHub\shiny_doodle\herbal-remedies\general-herbal-information\quiz.html 
The system cannot find the file specified.
Processing file: C:\Users\Aarons\Documents\GitHub\shiny_doodle\herbal-remedies\general-herbal-information\valerian.html 
The system cannot find the file specified.
Processing file: C:\Users\Aarons\Documents\GitHub\shiny_doodle\herbal-remedies\herbal-recipes-diy-projects\blams.html 
The system cannot find the file specified.
Processing file: C:\Users\Aarons\Documents\GitHub\shiny_doodle\herbal-remedies\herbal-recipes-diy-projects\herbal-bath-salts.html 
The system cannot find the file specified.
Processing file: C:\Users\Aarons\Documents\GitHub\shiny_doodle\herbal-remedies\herbal-recipes-diy-projects\herbal-face-mask.html 
The system cannot find the file specified.
Processing file: C:\Users\Aarons\Documents\GitHub\shiny_doodle\herbal-remedies\herbal-recipes-diy-projects\herbal-infused-olive-oil.html 
The system cannot find the file specified.
Processing file: C:\Users\Aarons\Documents\GitHub\shiny_doodle\herbal-remedies\herbal-recipes-diy-projects\herbal-infused-sugar-scrub.html 
The system cannot find the file specified.
Processing file: C:\Users\Aarons\Documents\GitHub\shiny_doodle\herbal-remedies\herbal-recipes-diy-projects\herbal-recipes-diy-projects.html 
The system cannot find the file specified.
Processing file: C:\Users\Aarons\Documents\GitHub\shiny_doodle\herbal-remedies\herbal-recipes-diy-projects\herbal-tea-blend.html 
The system cannot find the file specified.
Processing file: C:\Users\Aarons\Documents\GitHub\shiny_doodle\herbal-remedies\herbal-remedies-for-specific-conditions\elderberry-for-immune-system-boosting.html 
The system cannot find the file specified.
Processing file: C:\Users\Aarons\Documents\GitHub\shiny_doodle\herbal-remedies\herbal-remedies-for-specific-conditions\fennel-for-bloating.html 
The system cannot find the file specified.
Processing file: C:\Users\Aarons\Documents\GitHub\shiny_doodle\herbal-remedies\herbal-remedies-for-specific-conditions\ginger-for-digestion.html 
The system cannot find the file specified.
Processing file: C:\Users\Aarons\Documents\GitHub\shiny_doodle\herbal-remedies\herbal-remedies-for-specific-conditions\herbal-remedies-for-specific-conditions.html 
The system cannot find the file specified.
Processing file: C:\Users\Aarons\Documents\GitHub\shiny_doodle\herbal-remedies\herbal-remedies-for-specific-conditions\peppermint-for-digestive-health.html 
The system cannot find the file specified.
Processing file: C:\Users\Aarons\Documents\GitHub\shiny_doodle\herbal-remedies\herbal-wisdom-folklore\ancient-uses-of-the-sage-plant.html 
The system cannot find the file specified.
Processing file: C:\Users\Aarons\Documents\GitHub\shiny_doodle\herbal-remedies\herbal-wisdom-folklore\herbal-wisdom-folklore.html 
The system cannot find the file specified.
Processing file: C:\Users\Aarons\Documents\GitHub\shiny_doodle\herbal-remedies\herbal-wisdom-folklore\legend-of-the-willow-tree.html 
The system cannot find the file specified.
Processing file: C:\Users\Aarons\Documents\GitHub\shiny_doodle\herbal-remedies\herbal-wisdom-folklore\the-enigma-of-the-rosemary-herb.html 
The system cannot find the file specified.
Processing file: C:\Users\Aarons\Documents\GitHub\shiny_doodle\herbal-remedies\herbal-wisdom-folklore\the-myth-of-the-mandrake-root.html 
The system cannot find the file specified.
Processing file: C:\Users\Aarons\Documents\GitHub\shiny_doodle\herbal-remedies\herbal-wisdom-folklore\the-sacred-oak.html 
The system cannot find the file specified.
Footers updated successfully. 
